[debug] [2025-03-08T10:58:38.302Z] ----------------------------------------------------------------------
[debug] [2025-03-08T10:58:38.303Z] Command:       C:\Program Files\nodejs\node.exe C:\Users\arpit\AppData\Roaming\npm\node_modules\firebase-tools\lib\bin\firebase.js init functions
[debug] [2025-03-08T10:58:38.304Z] CLI Version:   13.33.0
[debug] [2025-03-08T10:58:38.304Z] Platform:      win32
[debug] [2025-03-08T10:58:38.304Z] Node Version:  v22.13.1
[debug] [2025-03-08T10:58:38.304Z] Time:          Sat Mar 08 2025 16:28:38 GMT+0530 (India Standard Time)
[debug] [2025-03-08T10:58:38.304Z] ----------------------------------------------------------------------
[debug] 
[debug] [2025-03-08T10:58:38.309Z] > command requires scopes: ["email","openid","https://www.googleapis.com/auth/cloudplatformprojects.readonly","https://www.googleapis.com/auth/firebase","https://www.googleapis.com/auth/cloud-platform"]
[debug] [2025-03-08T10:58:38.309Z] > authorizing via signed-in user (arpitphogat123@gmail.com)
[info] 
     ######## #### ########  ######## ########     ###     ######  ########
     ##        ##  ##     ## ##       ##     ##  ##   ##  ##       ##
     ######    ##  ########  ######   ########  #########  ######  ######
     ##        ##  ##    ##  ##       ##     ## ##     ##       ## ##
     ##       #### ##     ## ######## ########  ##     ##  ######  ########

You're about to initialize a Firebase project in this directory:

  C:\Users\arpit\DisasterReliefApp

[info] 
=== Project Setup
[info] 
[info] First, let's associate this project directory with a Firebase project.
[info] You can create multiple project aliases by running firebase use --add, 
[info] but for now we'll just set up a default project.
[info] 
[debug] [2025-03-08T10:59:10.996Z] Checked if tokens are valid: true, expires at: 1741435048798
[debug] [2025-03-08T10:59:10.997Z] Checked if tokens are valid: true, expires at: 1741435048798
[debug] [2025-03-08T10:59:10.998Z] >>> [apiv2][query] GET https://firebase.googleapis.com/v1beta1/projects pageSize=100
[debug] [2025-03-08T10:59:12.161Z] <<< [apiv2][status] GET https://firebase.googleapis.com/v1beta1/projects 200
[debug] [2025-03-08T10:59:12.161Z] <<< [apiv2][body] GET https://firebase.googleapis.com/v1beta1/projects [omitted]
[info] i  Using project relief-aid-network (Relief Aid Network) 
[info] 
=== Functions Setup
[debug] [2025-03-08T10:59:16.675Z] > command requires scopes: ["email","openid","https://www.googleapis.com/auth/cloudplatformprojects.readonly","https://www.googleapis.com/auth/firebase","https://www.googleapis.com/auth/cloud-platform"]
[debug] [2025-03-08T10:59:16.675Z] > authorizing via signed-in user (arpitphogat123@gmail.com)
[debug] [2025-03-08T10:59:16.675Z] [iam] checking project relief-aid-network for permissions ["firebase.projects.get"]
[debug] [2025-03-08T10:59:16.676Z] Checked if tokens are valid: true, expires at: 1741435048798
[debug] [2025-03-08T10:59:16.676Z] Checked if tokens are valid: true, expires at: 1741435048798
[debug] [2025-03-08T10:59:16.676Z] >>> [apiv2][query] POST https://cloudresourcemanager.googleapis.com/v1/projects/relief-aid-network:testIamPermissions [none]
[debug] [2025-03-08T10:59:16.676Z] >>> [apiv2][(partial)header] POST https://cloudresourcemanager.googleapis.com/v1/projects/relief-aid-network:testIamPermissions x-goog-quota-user=projects/relief-aid-network
[debug] [2025-03-08T10:59:16.676Z] >>> [apiv2][body] POST https://cloudresourcemanager.googleapis.com/v1/projects/relief-aid-network:testIamPermissions {"permissions":["firebase.projects.get"]}
[debug] [2025-03-08T10:59:18.737Z] <<< [apiv2][status] POST https://cloudresourcemanager.googleapis.com/v1/projects/relief-aid-network:testIamPermissions 200
[debug] [2025-03-08T10:59:18.737Z] <<< [apiv2][body] POST https://cloudresourcemanager.googleapis.com/v1/projects/relief-aid-network:testIamPermissions {"permissions":["firebase.projects.get"]}
[debug] [2025-03-08T10:59:18.737Z] Checked if tokens are valid: true, expires at: 1741435048798
[debug] [2025-03-08T10:59:18.738Z] Checked if tokens are valid: true, expires at: 1741435048798
[debug] [2025-03-08T10:59:18.738Z] Checked if tokens are valid: true, expires at: 1741435048798
[debug] [2025-03-08T10:59:18.738Z] Checked if tokens are valid: true, expires at: 1741435048798
[debug] [2025-03-08T10:59:18.738Z] >>> [apiv2][query] GET https://serviceusage.googleapis.com/v1/projects/relief-aid-network/services/cloudfunctions.googleapis.com [none]
[debug] [2025-03-08T10:59:18.738Z] >>> [apiv2][(partial)header] GET https://serviceusage.googleapis.com/v1/projects/relief-aid-network/services/cloudfunctions.googleapis.com x-goog-quota-user=projects/relief-aid-network
[debug] [2025-03-08T10:59:18.738Z] >>> [apiv2][query] GET https://serviceusage.googleapis.com/v1/projects/relief-aid-network/services/runtimeconfig.googleapis.com [none]
[debug] [2025-03-08T10:59:18.738Z] >>> [apiv2][(partial)header] GET https://serviceusage.googleapis.com/v1/projects/relief-aid-network/services/runtimeconfig.googleapis.com x-goog-quota-user=projects/relief-aid-network
[debug] [2025-03-08T10:59:21.236Z] <<< [apiv2][status] GET https://serviceusage.googleapis.com/v1/projects/relief-aid-network/services/runtimeconfig.googleapis.com 200
[debug] [2025-03-08T10:59:21.236Z] <<< [apiv2][body] GET https://serviceusage.googleapis.com/v1/projects/relief-aid-network/services/runtimeconfig.googleapis.com [omitted]
[debug] [2025-03-08T10:59:21.238Z] <<< [apiv2][status] GET https://serviceusage.googleapis.com/v1/projects/relief-aid-network/services/cloudfunctions.googleapis.com 200
[debug] [2025-03-08T10:59:21.238Z] <<< [apiv2][body] GET https://serviceusage.googleapis.com/v1/projects/relief-aid-network/services/cloudfunctions.googleapis.com [omitted]
[debug] [2025-03-08T10:59:21.239Z] Checked if tokens are valid: true, expires at: 1741435048798
[debug] [2025-03-08T10:59:21.239Z] Checked if tokens are valid: true, expires at: 1741435048798
[debug] [2025-03-08T10:59:21.239Z] >>> [apiv2][query] POST https://serviceusage.googleapis.com/v1/projects/relief-aid-network/services/cloudfunctions.googleapis.com:enable [none]
[debug] [2025-03-08T10:59:21.239Z] >>> [apiv2][(partial)header] POST https://serviceusage.googleapis.com/v1/projects/relief-aid-network/services/cloudfunctions.googleapis.com:enable x-goog-quota-user=projects/relief-aid-network
[debug] [2025-03-08T10:59:21.895Z] <<< [apiv2][status] POST https://serviceusage.googleapis.com/v1/projects/relief-aid-network/services/cloudfunctions.googleapis.com:enable 200
[debug] [2025-03-08T10:59:21.895Z] <<< [apiv2][body] POST https://serviceusage.googleapis.com/v1/projects/relief-aid-network/services/cloudfunctions.googleapis.com:enable [omitted]
